<?xml version="1.0" encoding="UTF-8"?>
<!-- Generated by org.testng.reporters.JUnitXMLReporter -->
<testsuite hostname="1MLB9F2" ignored="0" name="TestScript.TestSuite.Flipkart.FlipkartSearchInvaliditem_AUT24_1_firefox" tests="1" failures="1" timestamp="06 Nov 2017 05:54:10 GMT" time="0.611" errors="0">
  <testcase name="@AfterMethod Quit" time="0.0" classname="core.Action">
    <failure type="java.lang.NullPointerException">
      <![CDATA[java.lang.NullPointerException
	at core.Action.Quit(Action.java:107)
	at java.util.concurrent.FutureTask.run(Unknown Source)
	at java.util.concurrent.ThreadPoolExecutor.runWorker(Unknown Source)
	at java.util.concurrent.ThreadPoolExecutor$Worker.run(Unknown Source)
	at java.lang.Thread.run(Unknown Source)
... Removed 18 stack frames]]>
    </failure>
  </testcase> <!-- @AfterMethod Quit -->
  <testcase name="Step1" time="0.001" classname="TestScript.Flipkart.FlipkartSearchInvaliditem_AUT24">
    <failure type="java.lang.NullPointerException">
      <![CDATA[java.lang.NullPointerException
	at TestScript.Flipkart.FlipkartSearchInvaliditem_AUT24.Step1(FlipkartSearchInvaliditem_AUT24.java:42)
	at java.util.concurrent.FutureTask.run(Unknown Source)
	at java.util.concurrent.ThreadPoolExecutor.runWorker(Unknown Source)
	at java.util.concurrent.ThreadPoolExecutor$Worker.run(Unknown Source)
	at java.lang.Thread.run(Unknown Source)
... Removed 16 stack frames]]>
    </failure>
  </testcase> <!-- Step1 -->
</testsuite> <!-- TestScript.TestSuite.Flipkart.FlipkartSearchInvaliditem_AUT24_1_firefox -->
