<?xml version="1.0" encoding="UTF-8"?>
<!-- Generated by org.testng.reporters.JUnitXMLReporter -->
<testsuite hostname="B2FWFD2" ignored="0" name="TestScript.TestSuite.Flipkart.FlipkartSearchInvaliditem_AUT24_1_chrome" tests="1" failures="1" timestamp="29 Nov 2017 07:44:47 GMT" time="3.896" errors="0">
  <testcase name="Step1" time="0.001" classname="TestScript.Flipkart.FlipkartSearchInvaliditem_AUT24">
    <failure type="java.lang.ClassCastException" message="core.Action$Browser cannot be cast to org.openqa.selenium.TakesScreenshot">
      <![CDATA[java.lang.ClassCastException: core.Action$Browser cannot be cast to org.openqa.selenium.TakesScreenshot
	at TestScript.Flipkart.FlipkartSearchInvaliditem_AUT24.Step1(FlipkartSearchInvaliditem_AUT24.java:46)
	at java.util.concurrent.FutureTask.run(Unknown Source)
	at java.util.concurrent.ThreadPoolExecutor.runWorker(Unknown Source)
	at java.util.concurrent.ThreadPoolExecutor$Worker.run(Unknown Source)
	at java.lang.Thread.run(Unknown Source)
... Removed 16 stack frames]]>
    </failure>
  </testcase> <!-- Step1 -->
</testsuite> <!-- TestScript.TestSuite.Flipkart.FlipkartSearchInvaliditem_AUT24_1_chrome -->
