# JRE version: Java(TM) SE Runtime Environment (8.0_131-b11) (build 1.8.0_131-b11)
# Java VM: Java HotSpot(TM) 64-Bit Server VM (25.131-b11 mixed mode windows-amd64 compressed oops)
Heap:
 PSYoungGen      total 72704K, used 56591K [0x00000000eb180000, 0x00000000f0380000, 0x0000000100000000)
  eden space 64512K, 87% used [0x00000000eb180000,0x00000000ee8c3cd0,0x00000000ef080000)
  from space 8192K, 0% used [0x00000000ef980000,0x00000000ef980000,0x00000000f0180000)
  to   space 9216K, 0% used [0x00000000ef080000,0x00000000ef080000,0x00000000ef980000)
 ParOldGen       total 37888K, used 11088K [0x00000000c1400000, 0x00000000c3900000, 0x00000000eb180000)
  object space 37888K, 29% used [0x00000000c1400000,0x00000000c1ed40e8,0x00000000c3900000)
 Metaspace       used 26089K, capacity 26552K, committed 26800K, reserved 1073152K
  class space    used 3245K, capacity 3418K, committed 3504K, reserved 1048576K
GC Heap History (10 events):
Event: 4.830 GC heap before
{Heap before GC invocations=3 (full 0):
 PSYoungGen      total 35328K, used 35312K [0x00000000eb180000, 0x00000000ed680000, 0x0000000100000000)
  eden space 32768K, 100% used [0x00000000eb180000,0x00000000ed180000,0x00000000ed180000)
  from space 2560K, 99% used [0x00000000ed400000,0x00000000ed67c030,0x00000000ed680000)
  to   space 2560K, 0% used [0x00000000ed180000,0x00000000ed180000,0x00000000ed400000)
 ParOldGen       total 44032K, used 2999K [0x00000000c1400000, 0x00000000c3f00000, 0x00000000eb180000)
  object space 44032K, 6% used [0x00000000c1400000,0x00000000c16ede80,0x00000000c3f00000)
 Metaspace       used 14548K, capacity 14794K, committed 14848K, reserved 1062912K
  class space    used 1698K, capacity 1773K, committed 1792K, reserved 1048576K
Event: 4.839 GC heap after
Heap after GC invocations=3 (full 0):
 PSYoungGen      total 35328K, used 2542K [0x00000000eb180000, 0x00000000ed680000, 0x0000000100000000)
  eden space 32768K, 0% used [0x00000000eb180000,0x00000000eb180000,0x00000000ed180000)
  from space 2560K, 99% used [0x00000000ed180000,0x00000000ed3fb828,0x00000000ed400000)
  to   space 2560K, 0% used [0x00000000ed400000,0x00000000ed400000,0x00000000ed680000)
 ParOldGen       total 44032K, used 7571K [0x00000000c1400000, 0x00000000c3f00000, 0x00000000eb180000)
  object space 44032K, 17% used [0x00000000c1400000,0x00000000c1b64ed0,0x00000000c3f00000)
 Metaspace       used 14548K, capacity 14794K, committed 14848K, reserved 1062912K
  class space    used 1698K, capacity 1773K, committed 1792K, reserved 1048576K
}
Event: 6.459 GC heap before
{Heap before GC invocations=4 (full 0):
 PSYoungGen      total 35328K, used 35310K [0x00000000eb180000, 0x00000000ed680000, 0x0000000100000000)
  eden space 32768K, 100% used [0x00000000eb180000,0x00000000ed180000,0x00000000ed180000)
  from space 2560K, 99% used [0x00000000ed180000,0x00000000ed3fb828,0x00000000ed400000)
  to   space 2560K, 0% used [0x00000000ed400000,0x00000000ed400000,0x00000000ed680000)
 ParOldGen       total 44032K, used 7571K [0x00000000c1400000, 0x00000000c3f00000, 0x00000000eb180000)
  object space 44032K, 17% used [0x00000000c1400000,0x00000000c1b64ed0,0x00000000c3f00000)
 Metaspace       used 15345K, capacity 15562K, committed 15744K, reserved 1062912K
  class space    used 1800K, capacity 1901K, committed 1920K, reserved 1048576K
Event: 6.469 GC heap after
Heap after GC invocations=4 (full 0):
 PSYoungGen      total 35328K, used 2541K [0x00000000eb180000, 0x00000000ed680000, 0x0000000100000000)
  eden space 32768K, 0% used [0x00000000eb180000,0x00000000eb180000,0x00000000ed180000)
  from space 2560K, 99% used [0x00000000ed400000,0x00000000ed67b788,0x00000000ed680000)
  to   space 2560K, 0% used [0x00000000ed180000,0x00000000ed180000,0x00000000ed400000)
 ParOldGen       total 44032K, used 11082K [0x00000000c1400000, 0x00000000c3f00000, 0x00000000eb180000)
  object space 44032K, 25% used [0x00000000c1400000,0x00000000c1ed2988,0x00000000c3f00000)
 Metaspace       used 15345K, capacity 15562K, committed 15744K, reserved 1062912K
  class space    used 1800K, capacity 1901K, committed 1920K, reserved 1048576K
}
Event: 6.817 GC heap before
{Heap before GC invocations=5 (full 0):
 PSYoungGen      total 35328K, used 35309K [0x00000000eb180000, 0x00000000ed680000, 0x0000000100000000)
  eden space 32768K, 100% used [0x00000000eb180000,0x00000000ed180000,0x00000000ed180000)
  from space 2560K, 99% used [0x00000000ed400000,0x00000000ed67b788,0x00000000ed680000)
  to   space 2560K, 0% used [0x00000000ed180000,0x00000000ed180000,0x00000000ed400000)
 ParOldGen       total 44032K, used 11082K [0x00000000c1400000, 0x00000000c3f00000, 0x00000000eb180000)
  object space 44032K, 25% used [0x00000000c1400000,0x00000000c1ed2988,0x00000000c3f00000)
 Metaspace       used 16308K, capacity 16476K, committed 16640K, reserved 1064960K
  class space    used 1912K, capacity 1968K, committed 2048K, reserved 1048576K
Event: 6.829 GC heap after
Heap after GC invocations=5 (full 0):
 PSYoungGen      total 35328K, used 2551K [0x00000000eb180000, 0x00000000f0180000, 0x0000000100000000)
  eden space 32768K, 0% used [0x00000000eb180000,0x00000000eb180000,0x00000000ed180000)
  from space 2560K, 99% used [0x00000000ed180000,0x00000000ed3fdc98,0x00000000ed400000)
  to   space 8192K, 0% used [0x00000000ef980000,0x00000000ef980000,0x00000000f0180000)
 ParOldGen       total 44032K, used 12255K [0x00000000c1400000, 0x00000000c3f00000, 0x00000000eb180000)
  object space 44032K, 27% used [0x00000000c1400000,0x00000000c1ff7ca8,0x00000000c3f00000)
 Metaspace       used 16308K, capacity 16476K, committed 16640K, reserved 1064960K
  class space    used 1912K, capacity 1968K, committed 2048K, reserved 1048576K
}
Event: 7.446 GC heap before
{Heap before GC invocations=6 (full 0):
 PSYoungGen      total 35328K, used 28097K [0x00000000eb180000, 0x00000000f0180000, 0x0000000100000000)
  eden space 32768K, 77% used [0x00000000eb180000,0x00000000eca72aa8,0x00000000ed180000)
  from space 2560K, 99% used [0x00000000ed180000,0x00000000ed3fdc98,0x00000000ed400000)
  to   space 8192K, 0% used [0x00000000ef980000,0x00000000ef980000,0x00000000f0180000)
 ParOldGen       total 44032K, used 12255K [0x00000000c1400000, 0x00000000c3f00000, 0x00000000eb180000)
  object space 44032K, 27% used [0x00000000c1400000,0x00000000c1ff7ca8,0x00000000c3f00000)
 Metaspace       used 21089K, capacity 21244K, committed 21296K, reserved 1069056K
  class space    used 2503K, capacity 2576K, committed 2608K, reserved 1048576K
Event: 7.454 GC heap after
Heap after GC invocations=6 (full 0):
 PSYoungGen      total 72704K, used 7651K [0x00000000eb180000, 0x00000000f0380000, 0x0000000100000000)
  eden space 64512K, 0% used [0x00000000eb180000,0x00000000eb180000,0x00000000ef080000)
  from space 8192K, 93% used [0x00000000ef980000,0x00000000f00f8d90,0x00000000f0180000)
  to   space 9216K, 0% used [0x00000000ef080000,0x00000000ef080000,0x00000000ef980000)
 ParOldGen       total 44032K, used 12473K [0x00000000c1400000, 0x00000000c3f00000, 0x00000000eb180000)
  object space 44032K, 28% used [0x00000000c1400000,0x00000000c202e7a8,0x00000000c3f00000)
 Metaspace       used 21089K, capacity 21244K, committed 21296K, reserved 1069056K
  class space    used 2503K, capacity 2576K, committed 2608K, reserved 1048576K
}
Event: 7.454 GC heap before
{Heap before GC invocations=7 (full 1):
 PSYoungGen      total 72704K, used 7651K [0x00000000eb180000, 0x00000000f0380000, 0x0000000100000000)
  eden space 64512K, 0% used [0x00000000eb180000,0x00000000eb180000,0x00000000ef080000)
  from space 8192K, 93% used [0x00000000ef980000,0x00000000f00f8d90,0x00000000f0180000)
  to   space 9216K, 0% used [0x00000000ef080000,0x00000000ef080000,0x00000000ef980000)
 ParOldGen       total 44032K, used 12473K [0x00000000c1400000, 0x00000000c3f00000, 0x00000000eb180000)
  object space 44032K, 28% used [0x00000000c1400000,0x00000000c202e7a8,0x00000000c3f00000)
 Metaspace       used 21089K, capacity 21244K, committed 21296K, reserved 1069056K
  class space    used 2503K, capacity 2576K, committed 2608K, reserved 1048576K
Event: 7.492 GC heap after
Heap after GC invocations=7 (full 1):
 PSYoungGen      total 72704K, used 0K [0x00000000eb180000, 0x00000000f0380000, 0x0000000100000000)
  eden space 64512K, 0% used [0x00000000eb180000,0x00000000eb180000,0x00000000ef080000)
  from space 8192K, 0% used [0x00000000ef980000,0x00000000ef980000,0x00000000f0180000)
  to   space 9216K, 0% used [0x00000000ef080000,0x00000000ef080000,0x00000000ef980000)
 ParOldGen       total 37888K, used 11088K [0x00000000c1400000, 0x00000000c3900000, 0x00000000eb180000)
  object space 37888K, 29% used [0x00000000c1400000,0x00000000c1ed40e8,0x00000000c3900000)
 Metaspace       used 21089K, capacity 21244K, committed 21296K, reserved 1069056K
  class space    used 2503K, capacity 2576K, committed 2608K, reserved 1048576K
}

